azureuser@NorwayVM:~/UERANSIM$ ./upf_traffic_test.sh
Starting UPF traffic test
Server: 10.244.0.37
UE IP: 10.45.0.3
Initial idle period for baseline metrics...

======================================
Running iperf3 test at 10M
======================================
Connecting to host 10.244.0.37, port 5201
[  5] local 10.45.0.3 port 35901 connected to 10.244.0.37 port 5201
[ ID] Interval           Transfer     Bitrate         Total Datagrams
[  5]   0.00-1.00   sec  1.19 MBytes  10.0 Mbits/sec  927
[  5]   1.00-2.00   sec  1.19 MBytes  10.0 Mbits/sec  927
[  5]   2.00-3.00   sec  1.19 MBytes  10.0 Mbits/sec  928
[  5]   3.00-4.00   sec  1.19 MBytes  10.0 Mbits/sec  927
[  5]   4.00-5.00   sec  1.19 MBytes  10.0 Mbits/sec  927
[  5]   5.00-6.00   sec  1.19 MBytes  10.0 Mbits/sec  927
[  5]   6.00-7.00   sec  1.19 MBytes  10.0 Mbits/sec  928
[  5]   7.00-8.00   sec  1.19 MBytes  10.0 Mbits/sec  927
[  5]   8.00-9.00   sec  1.19 MBytes  10.0 Mbits/sec  927
[  5]   9.00-10.00  sec  1.19 MBytes  10.0 Mbits/sec  928
[  5]  10.00-11.00  sec  1.19 MBytes  9.97 Mbits/sec  927
[  5]  11.00-12.00  sec  1.19 MBytes  10.0 Mbits/sec  927
[  5]  12.00-13.00  sec  1.19 MBytes  10.0 Mbits/sec  927
[  5]  13.00-14.00  sec  1.19 MBytes  10.0 Mbits/sec  928
[  5]  14.00-15.00  sec  1.19 MBytes  10.0 Mbits/sec  927
[  5]  15.00-16.00  sec  1.19 MBytes  10.0 Mbits/sec  927
[  5]  16.00-17.00  sec  1.19 MBytes  10.0 Mbits/sec  928
[  5]  17.00-18.00  sec  1.19 MBytes  10.0 Mbits/sec  927
[  5]  18.00-19.00  sec  1.19 MBytes  10.0 Mbits/sec  927
[  5]  19.00-20.00  sec  1.19 MBytes  10.0 Mbits/sec  928
[  5]  20.00-21.00  sec  1.19 MBytes  10.0 Mbits/sec  927
[  5]  21.00-22.00  sec  1.19 MBytes  10.0 Mbits/sec  927
[  5]  22.00-23.00  sec  1.19 MBytes  10.0 Mbits/sec  928
[  5]  23.00-24.00  sec  1.19 MBytes  10.0 Mbits/sec  927
[  5]  24.00-25.00  sec  1.19 MBytes  10.0 Mbits/sec  927
[  5]  25.00-26.00  sec  1.19 MBytes  10.0 Mbits/sec  927
[  5]  26.00-27.00  sec  1.19 MBytes  10.0 Mbits/sec  928
[  5]  27.00-28.00  sec  1.19 MBytes  10.0 Mbits/sec  927
[  5]  28.00-29.00  sec  1.19 MBytes  10.0 Mbits/sec  927
[  5]  29.00-30.00  sec  1.19 MBytes  10.0 Mbits/sec  928
[  5]  30.00-31.00  sec  1.19 MBytes  10.0 Mbits/sec  927
[  5]  31.00-32.00  sec  1.19 MBytes  10.0 Mbits/sec  927
[  5]  32.00-33.00  sec  1.19 MBytes  10.0 Mbits/sec  928
[  5]  33.00-34.00  sec  1.19 MBytes  10.0 Mbits/sec  927
[  5]  34.00-35.00  sec  1.19 MBytes  10.0 Mbits/sec  927
[  5]  35.00-36.00  sec  1.19 MBytes  10.0 Mbits/sec  927
[  5]  36.00-37.00  sec  1.19 MBytes  10.0 Mbits/sec  928
[  5]  37.00-38.00  sec  1.19 MBytes  10.0 Mbits/sec  927
[  5]  38.00-39.00  sec  1.19 MBytes  10.0 Mbits/sec  927
[  5]  39.00-40.00  sec  1.19 MBytes  10.0 Mbits/sec  928
[  5]  40.00-41.00  sec  1.19 MBytes  10.0 Mbits/sec  927
[  5]  41.00-42.00  sec  1.19 MBytes  10.0 Mbits/sec  927
[  5]  42.00-43.00  sec  1.19 MBytes  10.0 Mbits/sec  928
[  5]  43.00-44.00  sec  1.19 MBytes  10.0 Mbits/sec  927
[  5]  44.00-45.00  sec  1.19 MBytes  10.0 Mbits/sec  927
[  5]  45.00-46.00  sec  1.19 MBytes  10.0 Mbits/sec  927
[  5]  46.00-47.00  sec  1.19 MBytes  10.0 Mbits/sec  928
[  5]  47.00-48.00  sec  1.19 MBytes  10.0 Mbits/sec  927
[  5]  48.00-49.00  sec  1.19 MBytes  10.0 Mbits/sec  927
[  5]  49.00-50.00  sec  1.19 MBytes  10.0 Mbits/sec  928
[  5]  50.00-51.00  sec  1.19 MBytes  10.0 Mbits/sec  927
[  5]  51.00-52.00  sec  1.19 MBytes  10.0 Mbits/sec  927
[  5]  52.00-53.00  sec  1.19 MBytes  10.0 Mbits/sec  927
[  5]  53.00-54.00  sec  1.19 MBytes  10.0 Mbits/sec  928
[  5]  54.00-55.00  sec  1.19 MBytes  10.0 Mbits/sec  927
[  5]  55.00-56.00  sec  1.19 MBytes  10.0 Mbits/sec  928
[  5]  56.00-57.00  sec  1.19 MBytes  10.0 Mbits/sec  927
[  5]  57.00-58.00  sec  1.19 MBytes  9.99 Mbits/sec  927
[  5]  58.00-59.00  sec  1.19 MBytes  10.0 Mbits/sec  927
[  5]  59.00-60.00  sec  1.19 MBytes  10.0 Mbits/sec  928
- - - - - - - - - - - - - - - - - - - - - - - - -
[ ID] Interval           Transfer     Bitrate         Jitter    Lost/Total Datagrams
[  5]   0.00-60.00  sec  71.5 MBytes  10.0 Mbits/sec  0.000 ms  0/55638 (0%)  sender
[  5]   0.00-60.00  sec  71.5 MBytes  10.0 Mbits/sec  0.130 ms  0/55638 (0%)  receiver

iperf Done.

Waiting 30 seconds before next test...

======================================
Running iperf3 test at 50M
======================================
Connecting to host 10.244.0.37, port 5201
[  5] local 10.45.0.3 port 58744 connected to 10.244.0.37 port 5201
[ ID] Interval           Transfer     Bitrate         Total Datagrams
[  5]   0.00-1.00   sec  5.96 MBytes  50.0 Mbits/sec  4633
[  5]   1.00-2.00   sec  5.96 MBytes  50.0 Mbits/sec  4636
[  5]   2.00-3.00   sec  5.96 MBytes  50.0 Mbits/sec  4637
[  5]   3.00-4.00   sec  5.96 MBytes  50.0 Mbits/sec  4636
[  5]   4.00-5.00   sec  5.96 MBytes  50.0 Mbits/sec  4637
[  5]   5.00-6.00   sec  5.96 MBytes  50.0 Mbits/sec  4640
[  5]   6.00-7.00   sec  5.96 MBytes  50.0 Mbits/sec  4633
[  5]   7.00-8.00   sec  5.96 MBytes  50.0 Mbits/sec  4636
[  5]   8.00-9.00   sec  5.96 MBytes  50.0 Mbits/sec  4637
[  5]   9.00-10.00  sec  5.96 MBytes  50.0 Mbits/sec  4636
[  5]  10.00-11.00  sec  5.96 MBytes  50.0 Mbits/sec  4637
[  5]  11.00-12.00  sec  5.96 MBytes  50.0 Mbits/sec  4636
[  5]  12.00-13.00  sec  5.96 MBytes  50.0 Mbits/sec  4638
[  5]  13.00-14.00  sec  5.96 MBytes  50.0 Mbits/sec  4635
[  5]  14.00-15.00  sec  5.96 MBytes  50.0 Mbits/sec  4637
[  5]  15.00-16.00  sec  5.96 MBytes  50.0 Mbits/sec  4636
[  5]  16.00-17.00  sec  5.96 MBytes  50.0 Mbits/sec  4637
[  5]  17.00-18.00  sec  5.96 MBytes  50.0 Mbits/sec  4636
[  5]  18.00-19.00  sec  5.96 MBytes  50.0 Mbits/sec  4637
[  5]  19.00-20.00  sec  5.96 MBytes  50.0 Mbits/sec  4636
[  5]  20.00-21.00  sec  5.96 MBytes  50.0 Mbits/sec  4637
[  5]  21.00-22.00  sec  5.96 MBytes  50.0 Mbits/sec  4636
[  5]  22.00-23.00  sec  5.96 MBytes  50.0 Mbits/sec  4637
[  5]  23.00-24.00  sec  5.96 MBytes  50.0 Mbits/sec  4636
[  5]  24.00-25.00  sec  5.96 MBytes  50.0 Mbits/sec  4637
[  5]  25.00-26.00  sec  5.96 MBytes  50.0 Mbits/sec  4636
[  5]  26.00-27.00  sec  5.96 MBytes  50.0 Mbits/sec  4637
[  5]  27.00-28.00  sec  5.96 MBytes  50.0 Mbits/sec  4636
[  5]  28.00-29.00  sec  5.96 MBytes  50.0 Mbits/sec  4637
[  5]  29.00-30.00  sec  5.96 MBytes  50.0 Mbits/sec  4636
[  5]  30.00-31.00  sec  5.96 MBytes  50.0 Mbits/sec  4637
[  5]  31.00-32.00  sec  5.96 MBytes  50.0 Mbits/sec  4636
[  5]  32.00-33.00  sec  5.96 MBytes  50.0 Mbits/sec  4637
[  5]  33.00-34.00  sec  5.96 MBytes  50.0 Mbits/sec  4637
[  5]  34.00-35.00  sec  5.94 MBytes  49.9 Mbits/sec  4624
[  5]  35.00-36.00  sec  5.98 MBytes  50.1 Mbits/sec  4648
[  5]  36.00-37.00  sec  5.96 MBytes  50.0 Mbits/sec  4637
[  5]  37.00-38.00  sec  5.96 MBytes  50.0 Mbits/sec  4636
[  5]  38.00-39.00  sec  5.96 MBytes  50.0 Mbits/sec  4637
[  5]  39.00-40.00  sec  5.96 MBytes  50.0 Mbits/sec  4636
[  5]  40.00-41.00  sec  5.96 MBytes  50.0 Mbits/sec  4637
[  5]  41.00-42.00  sec  5.96 MBytes  50.0 Mbits/sec  4636
[  5]  42.00-43.00  sec  5.96 MBytes  50.0 Mbits/sec  4637
[  5]  43.00-44.00  sec  5.96 MBytes  50.0 Mbits/sec  4636
[  5]  44.00-45.00  sec  5.96 MBytes  50.0 Mbits/sec  4637
[  5]  45.00-46.00  sec  5.96 MBytes  50.0 Mbits/sec  4636
[  5]  46.00-47.00  sec  5.96 MBytes  50.0 Mbits/sec  4637
[  5]  47.00-48.00  sec  5.96 MBytes  50.0 Mbits/sec  4636
[  5]  48.00-49.00  sec  5.96 MBytes  50.0 Mbits/sec  4637
[  5]  49.00-50.00  sec  5.96 MBytes  50.0 Mbits/sec  4636
[  5]  50.00-51.00  sec  5.96 MBytes  50.0 Mbits/sec  4637
[  5]  51.00-52.00  sec  5.96 MBytes  50.0 Mbits/sec  4636
[  5]  52.00-53.00  sec  5.96 MBytes  50.0 Mbits/sec  4637
[  5]  53.00-54.00  sec  5.96 MBytes  50.0 Mbits/sec  4636
[  5]  54.00-55.00  sec  5.96 MBytes  50.0 Mbits/sec  4637
[  5]  55.00-56.00  sec  5.96 MBytes  50.0 Mbits/sec  4636
[  5]  56.00-57.00  sec  5.95 MBytes  49.9 Mbits/sec  4630
[  5]  57.00-58.00  sec  5.97 MBytes  50.1 Mbits/sec  4643
[  5]  58.00-59.00  sec  5.96 MBytes  50.0 Mbits/sec  4637
[  5]  59.00-60.00  sec  5.96 MBytes  50.0 Mbits/sec  4636
- - - - - - - - - - - - - - - - - - - - - - - - -
[ ID] Interval           Transfer     Bitrate         Jitter    Lost/Total Datagrams
[  5]   0.00-60.00  sec   358 MBytes  50.0 Mbits/sec  0.000 ms  0/278186 (0%)  sender
[  5]   0.00-60.00  sec   358 MBytes  50.0 Mbits/sec  0.145 ms  0/278186 (0%)  receiver

iperf Done.

Waiting 30 seconds before next test...

======================================
Running iperf3 test at 100M
======================================
Connecting to host 10.244.0.37, port 5201
[  5] local 10.45.0.3 port 56151 connected to 10.244.0.37 port 5201
[ ID] Interval           Transfer     Bitrate         Total Datagrams
[  5]   0.00-1.00   sec  11.9 MBytes  99.9 Mbits/sec  9265
[  5]   1.00-2.00   sec  11.9 MBytes   100 Mbits/sec  9278
[  5]   2.00-3.00   sec  11.9 MBytes   100 Mbits/sec  9270
[  5]   3.00-4.00   sec  11.9 MBytes   100 Mbits/sec  9271
[  5]   4.00-5.00   sec  11.9 MBytes   100 Mbits/sec  9275
[  5]   5.00-6.00   sec  11.9 MBytes   100 Mbits/sec  9272
[  5]   6.00-7.00   sec  11.9 MBytes  99.9 Mbits/sec  9277
[  5]   7.00-8.00   sec  11.9 MBytes   100 Mbits/sec  9268
[  5]   8.00-9.00   sec  11.8 MBytes  98.6 Mbits/sec  9182
[  5]   9.00-10.00  sec  12.0 MBytes   101 Mbits/sec  9364
[  5]  10.00-11.00  sec  11.9 MBytes  99.9 Mbits/sec  9267
[  5]  11.00-12.00  sec  11.9 MBytes   100 Mbits/sec  9279
[  5]  12.00-13.00  sec  11.9 MBytes   100 Mbits/sec  9273
[  5]  13.00-14.00  sec  11.9 MBytes   100 Mbits/sec  9273
[  5]  14.00-15.00  sec  11.9 MBytes   100 Mbits/sec  9275
[  5]  15.00-16.00  sec  11.9 MBytes   100 Mbits/sec  9271
[  5]  16.00-17.00  sec  11.9 MBytes   100 Mbits/sec  9276
[  5]  17.00-18.00  sec  11.9 MBytes   100 Mbits/sec  9272
[  5]  18.00-19.00  sec  11.9 MBytes   100 Mbits/sec  9271
[  5]  19.00-20.00  sec  11.9 MBytes   100 Mbits/sec  9273
[  5]  20.00-21.00  sec  11.9 MBytes   100 Mbits/sec  9273
[  5]  21.00-22.00  sec  11.9 MBytes   100 Mbits/sec  9274
[  5]  22.00-23.00  sec  11.9 MBytes   100 Mbits/sec  9274
[  5]  23.00-24.00  sec  11.9 MBytes   100 Mbits/sec  9271
[  5]  24.00-25.00  sec  11.9 MBytes   100 Mbits/sec  9278
[  5]  25.00-26.00  sec  11.9 MBytes   100 Mbits/sec  9270
[  5]  26.00-27.00  sec  11.9 MBytes   100 Mbits/sec  9272
[  5]  27.00-28.00  sec  11.9 MBytes   100 Mbits/sec  9274
[  5]  28.00-29.00  sec  11.9 MBytes   100 Mbits/sec  9272
[  5]  29.00-30.00  sec  11.9 MBytes   100 Mbits/sec  9273
[  5]  30.00-31.00  sec  11.9 MBytes   100 Mbits/sec  9273
[  5]  31.00-32.00  sec  11.9 MBytes   100 Mbits/sec  9276
[  5]  32.00-33.00  sec  11.9 MBytes   100 Mbits/sec  9269
[  5]  33.00-34.00  sec  11.9 MBytes   100 Mbits/sec  9273
[  5]  34.00-35.00  sec  11.9 MBytes   100 Mbits/sec  9273
[  5]  35.00-36.00  sec  11.9 MBytes   100 Mbits/sec  9280
[  5]  36.00-37.00  sec  11.9 MBytes   100 Mbits/sec  9266
[  5]  37.00-38.00  sec  11.9 MBytes   100 Mbits/sec  9273
[  5]  38.00-39.00  sec  11.9 MBytes   100 Mbits/sec  9278
[  5]  39.00-40.00  sec  11.9 MBytes  99.9 Mbits/sec  9268
[  5]  40.00-41.00  sec  11.9 MBytes  99.9 Mbits/sec  9265
[  5]  41.00-42.00  sec  11.9 MBytes   100 Mbits/sec  9283
[  5]  42.00-43.00  sec  11.9 MBytes   100 Mbits/sec  9273
[  5]  43.00-44.00  sec  11.9 MBytes   100 Mbits/sec  9273
[  5]  44.00-45.00  sec  11.9 MBytes   100 Mbits/sec  9271
[  5]  45.00-46.00  sec  11.9 MBytes  99.7 Mbits/sec  9247
[  5]  46.00-47.00  sec  12.0 MBytes   100 Mbits/sec  9299
[  5]  47.00-48.00  sec  11.9 MBytes   100 Mbits/sec  9273
[  5]  48.00-49.00  sec  11.9 MBytes   100 Mbits/sec  9274
[  5]  49.00-50.00  sec  11.9 MBytes   100 Mbits/sec  9273
[  5]  50.00-51.00  sec  11.9 MBytes   100 Mbits/sec  9272
[  5]  51.00-52.00  sec  11.9 MBytes   100 Mbits/sec  9278
[  5]  52.00-53.00  sec  11.9 MBytes   100 Mbits/sec  9269
[  5]  53.00-54.00  sec  11.9 MBytes   100 Mbits/sec  9272
[  5]  54.00-55.00  sec  11.9 MBytes   100 Mbits/sec  9273
[  5]  55.00-56.00  sec  11.9 MBytes   100 Mbits/sec  9273
[  5]  56.00-57.00  sec  11.9 MBytes   100 Mbits/sec  9275
[  5]  57.00-58.00  sec  11.9 MBytes   100 Mbits/sec  9271
[  5]  58.00-59.00  sec  11.9 MBytes   100 Mbits/sec  9273
[  5]  59.00-60.00  sec  11.9 MBytes  99.8 Mbits/sec  9265
- - - - - - - - - - - - - - - - - - - - - - - - -
[ ID] Interval           Transfer     Bitrate         Jitter    Lost/Total Datagrams
[  5]   0.00-60.00  sec   715 MBytes   100 Mbits/sec  0.000 ms  0/556364 (0%)  sender
[  5]   0.00-60.01  sec   713 MBytes  99.6 Mbits/sec  0.274 ms  0/556364 (0%)  receiver

iperf Done.

Waiting 30 seconds before next test...

======================================
Running iperf3 test at 200M
======================================
Connecting to host 10.244.0.37, port 5201
[  5] local 10.45.0.3 port 43857 connected to 10.244.0.37 port 5201
[ ID] Interval           Transfer     Bitrate         Total Datagrams
[  5]   0.00-1.00   sec  23.8 MBytes   200 Mbits/sec  18527
[  5]   1.00-2.00   sec  23.8 MBytes   200 Mbits/sec  18552
[  5]   2.00-3.00   sec  23.8 MBytes   200 Mbits/sec  18551
[  5]   3.00-4.00   sec  23.8 MBytes   200 Mbits/sec  18540
[  5]   4.00-5.00   sec  23.9 MBytes   200 Mbits/sec  18565
[  5]   5.00-6.00   sec  23.8 MBytes   200 Mbits/sec  18525
[  5]   6.00-7.00   sec  23.8 MBytes   200 Mbits/sec  18546
[  5]   7.00-8.00   sec  23.9 MBytes   200 Mbits/sec  18552
[  5]   8.00-9.00   sec  23.8 MBytes   200 Mbits/sec  18536
[  5]   9.00-10.00  sec  23.8 MBytes   200 Mbits/sec  18551
[  5]  10.00-11.00  sec  23.8 MBytes   200 Mbits/sec  18535
[  5]  11.00-12.00  sec  23.9 MBytes   200 Mbits/sec  18558
[  5]  12.00-13.00  sec  23.8 MBytes   200 Mbits/sec  18544
[  5]  13.00-14.00  sec  23.9 MBytes   200 Mbits/sec  18564
[  5]  14.00-15.00  sec  23.8 MBytes   200 Mbits/sec  18511
[  5]  15.00-16.00  sec  23.9 MBytes   200 Mbits/sec  18563
[  5]  16.00-17.00  sec  23.9 MBytes   200 Mbits/sec  18560
[  5]  17.00-18.00  sec  23.8 MBytes   200 Mbits/sec  18533
[  5]  18.00-19.00  sec  23.8 MBytes   200 Mbits/sec  18552
[  5]  19.00-20.00  sec  23.8 MBytes   200 Mbits/sec  18544
[  5]  20.00-21.00  sec  23.8 MBytes   200 Mbits/sec  18544
[  5]  21.00-22.00  sec  23.8 MBytes   200 Mbits/sec  18545
[  5]  22.00-23.00  sec  23.8 MBytes   200 Mbits/sec  18510
[  5]  23.00-24.00  sec  23.9 MBytes   200 Mbits/sec  18580
[  5]  24.00-25.00  sec  23.8 MBytes   200 Mbits/sec  18550
[  5]  25.00-26.00  sec  23.9 MBytes   200 Mbits/sec  18555
[  5]  26.00-27.00  sec  23.8 MBytes   200 Mbits/sec  18534
[  5]  27.00-28.06  sec  22.1 MBytes   175 Mbits/sec  17172
[  5]  28.06-29.00  sec  25.6 MBytes   229 Mbits/sec  19920
[  5]  29.00-30.00  sec  23.8 MBytes   200 Mbits/sec  18550
[  5]  30.00-31.00  sec  23.8 MBytes   200 Mbits/sec  18543
[  5]  31.00-32.00  sec  23.9 MBytes   200 Mbits/sec  18560
[  5]  32.00-33.00  sec  23.8 MBytes   200 Mbits/sec  18531
[  5]  33.00-34.00  sec  23.9 MBytes   200 Mbits/sec  18553
[  5]  34.00-35.00  sec  23.8 MBytes   200 Mbits/sec  18539
[  5]  35.00-36.00  sec  23.9 MBytes   200 Mbits/sec  18555
[  5]  36.00-37.00  sec  23.8 MBytes   200 Mbits/sec  18532
[  5]  37.00-38.00  sec  23.8 MBytes   200 Mbits/sec  18549
[  5]  38.00-39.00  sec  23.8 MBytes   200 Mbits/sec  18550
[  5]  39.00-40.00  sec  23.8 MBytes   200 Mbits/sec  18535
[  5]  40.00-41.00  sec  23.8 MBytes   200 Mbits/sec  18535
[  5]  41.00-42.00  sec  23.3 MBytes   195 Mbits/sec  18111
[  5]  42.00-43.00  sec  24.4 MBytes   205 Mbits/sec  19002
[  5]  43.00-44.00  sec  23.8 MBytes   200 Mbits/sec  18549
[  5]  44.00-45.00  sec  23.8 MBytes   200 Mbits/sec  18545
[  5]  45.00-46.00  sec  23.8 MBytes   200 Mbits/sec  18548
[  5]  46.00-47.00  sec  23.8 MBytes   200 Mbits/sec  18551
[  5]  47.00-48.00  sec  23.8 MBytes   200 Mbits/sec  18552
[  5]  48.00-49.00  sec  23.8 MBytes   200 Mbits/sec  18534
[  5]  49.00-50.00  sec  23.8 MBytes   200 Mbits/sec  18527
[  5]  50.00-51.00  sec  23.9 MBytes   200 Mbits/sec  18561
[  5]  51.00-52.00  sec  23.8 MBytes   200 Mbits/sec  18533
[  5]  52.00-53.00  sec  23.9 MBytes   200 Mbits/sec  18565
[  5]  53.00-54.00  sec  23.8 MBytes   200 Mbits/sec  18540
[  5]  54.00-55.00  sec  23.8 MBytes   200 Mbits/sec  18549
[  5]  55.00-56.00  sec  23.9 MBytes   200 Mbits/sec  18554
[  5]  56.00-57.00  sec  22.6 MBytes   189 Mbits/sec  17597
[  5]  57.00-58.00  sec  25.1 MBytes   211 Mbits/sec  19504
[  5]  58.00-59.00  sec  23.8 MBytes   200 Mbits/sec  18529
[  5]  59.00-60.01  sec  23.8 MBytes   199 Mbits/sec  18526
- - - - - - - - - - - - - - - - - - - - - - - - -
[ ID] Interval           Transfer     Bitrate         Jitter    Lost/Total Datagrams
[  5]   0.00-60.01  sec  1.40 GBytes   200 Mbits/sec  0.000 ms  0/1112728 (0%)  sender
[  5]   0.00-60.04  sec  1.38 GBytes   197 Mbits/sec  0.023 ms  0/1112724 (0%)  receiver

iperf Done.

Waiting 30 seconds before next test...

Traffic tests complete
Allowing final cooldown period...
Done.
