azureuser@NorwayVM:~$ ./UERANSIM/upf_traffic_test.sh
Starting UPF traffic test
Server: 10.42.0.203
UE IP: 10.45.0.2
Initial idle period for baseline metrics...

======================================
Running iperf3 test at 10M
======================================
Connecting to host 10.42.0.203, port 5201
[  5] local 10.45.0.2 port 40523 connected to 10.42.0.203 port 5201
[ ID] Interval           Transfer     Bitrate         Total Datagrams
[  5]   0.00-1.00   sec  1.19 MBytes  10.0 Mbits/sec  927
[  5]   1.00-2.00   sec  1.19 MBytes  10.0 Mbits/sec  927
[  5]   2.00-3.00   sec  1.19 MBytes  10.0 Mbits/sec  928
[  5]   3.00-4.00   sec  1.19 MBytes  10.0 Mbits/sec  927
[  5]   4.00-5.00   sec  1.19 MBytes  10.0 Mbits/sec  927
[  5]   5.00-6.00   sec  1.19 MBytes  10.0 Mbits/sec  927
[  5]   6.00-7.00   sec  1.19 MBytes  10.0 Mbits/sec  928
[  5]   7.00-8.00   sec  1.19 MBytes  10.0 Mbits/sec  927
[  5]   8.00-9.00   sec  1.19 MBytes  10.0 Mbits/sec  927
[  5]   9.00-10.00  sec  1.19 MBytes  10.0 Mbits/sec  928
[  5]  10.00-11.00  sec  1.19 MBytes  10.0 Mbits/sec  927
[  5]  11.00-12.00  sec  1.19 MBytes  10.0 Mbits/sec  927
[  5]  12.00-13.00  sec  1.19 MBytes  10.0 Mbits/sec  928
[  5]  13.00-14.00  sec  1.19 MBytes  10.0 Mbits/sec  927
[  5]  14.00-15.00  sec  1.19 MBytes  10.0 Mbits/sec  927
[  5]  15.00-16.00  sec  1.19 MBytes  10.0 Mbits/sec  927
[  5]  16.00-17.00  sec  1.19 MBytes  10.0 Mbits/sec  928
[  5]  17.00-18.00  sec  1.17 MBytes  9.81 Mbits/sec  911
[  5]  18.00-19.00  sec  1.21 MBytes  10.2 Mbits/sec  943
[  5]  19.00-20.00  sec  1.19 MBytes  10.0 Mbits/sec  928
[  5]  20.00-21.00  sec  1.19 MBytes  10.0 Mbits/sec  927
[  5]  21.00-22.00  sec  1.19 MBytes  10.0 Mbits/sec  927
[  5]  22.00-23.00  sec  1.19 MBytes  10.0 Mbits/sec  928
[  5]  23.00-24.00  sec  1.19 MBytes  10.0 Mbits/sec  927
[  5]  24.00-25.00  sec  1.19 MBytes  10.0 Mbits/sec  927
[  5]  25.00-26.00  sec  1.19 MBytes  10.0 Mbits/sec  927
[  5]  26.00-27.00  sec  1.19 MBytes  10.0 Mbits/sec  928
[  5]  27.00-28.00  sec  1.19 MBytes  10.0 Mbits/sec  927
[  5]  28.00-29.00  sec  1.19 MBytes  10.0 Mbits/sec  927
[  5]  29.00-30.00  sec  1.19 MBytes  10.0 Mbits/sec  928
[  5]  30.00-31.00  sec  1.19 MBytes  10.0 Mbits/sec  927
[  5]  31.00-32.00  sec  1.19 MBytes  10.0 Mbits/sec  927
[  5]  32.00-33.00  sec  1.19 MBytes  10.0 Mbits/sec  928
[  5]  33.00-34.00  sec  1.19 MBytes  10.0 Mbits/sec  927
[  5]  34.00-35.00  sec  1.19 MBytes  10.0 Mbits/sec  927
[  5]  35.00-36.00  sec  1.19 MBytes  10.0 Mbits/sec  927
[  5]  36.00-37.00  sec  1.19 MBytes  10.0 Mbits/sec  928
[  5]  37.00-38.00  sec  1.19 MBytes  10.0 Mbits/sec  927
[  5]  38.00-39.00  sec  1.19 MBytes  9.98 Mbits/sec  927
[  5]  39.00-40.00  sec  1.19 MBytes  10.0 Mbits/sec  928
[  5]  40.00-41.00  sec  1.19 MBytes  10.0 Mbits/sec  927
[  5]  41.00-42.00  sec  1.19 MBytes  10.0 Mbits/sec  927
[  5]  42.00-43.00  sec  1.19 MBytes  10.0 Mbits/sec  928
[  5]  43.00-44.00  sec  1.19 MBytes  10.0 Mbits/sec  927
[  5]  44.00-45.00  sec  1.19 MBytes  10.0 Mbits/sec  927
[  5]  45.00-46.00  sec  1.19 MBytes  10.0 Mbits/sec  927
[  5]  46.00-47.00  sec  1.19 MBytes  10.0 Mbits/sec  928
[  5]  47.00-48.00  sec  1.19 MBytes  10.0 Mbits/sec  927
[  5]  48.00-49.00  sec  1.19 MBytes  10.0 Mbits/sec  927
[  5]  49.00-50.00  sec  1.19 MBytes  10.0 Mbits/sec  928
[  5]  50.00-51.00  sec  1.19 MBytes  10.0 Mbits/sec  927
[  5]  51.00-52.00  sec  1.19 MBytes  10.0 Mbits/sec  927
[  5]  52.00-53.00  sec  1.19 MBytes  10.0 Mbits/sec  928
[  5]  53.00-54.00  sec  1.19 MBytes  10.0 Mbits/sec  927
[  5]  54.00-55.00  sec  1.19 MBytes  10.0 Mbits/sec  927
[  5]  55.00-56.00  sec  1.19 MBytes  10.0 Mbits/sec  927
[  5]  56.00-57.00  sec  1.19 MBytes  10.0 Mbits/sec  928
[  5]  57.00-58.00  sec  1.19 MBytes  10.0 Mbits/sec  927
[  5]  58.00-59.00  sec  1.19 MBytes  10.0 Mbits/sec  927
[  5]  59.00-60.00  sec  1.19 MBytes  10.0 Mbits/sec  928
- - - - - - - - - - - - - - - - - - - - - - - - -
[ ID] Interval           Transfer     Bitrate         Jitter    Lost/Total Datagrams
[  5]   0.00-60.00  sec  71.5 MBytes  10.0 Mbits/sec  0.000 ms  0/55638 (0%)  sender
[  5]   0.00-60.31  sec  66.7 MBytes  9.27 Mbits/sec  1.253 ms  0/55527 (0%)  receiver

iperf Done.

Waiting 30 seconds before next test...

======================================
Running iperf3 test at 50M
======================================
Connecting to host 10.42.0.203, port 5201
[  5] local 10.45.0.2 port 52323 connected to 10.42.0.203 port 5201
[ ID] Interval           Transfer     Bitrate         Total Datagrams
[  5]   0.00-1.00   sec  5.96 MBytes  50.0 Mbits/sec  4633
[  5]   1.00-2.00   sec  5.96 MBytes  50.0 Mbits/sec  4636
[  5]   2.00-3.00   sec  5.96 MBytes  50.0 Mbits/sec  4637
[  5]   3.00-4.00   sec  5.96 MBytes  50.0 Mbits/sec  4636
[  5]   4.00-5.00   sec  5.96 MBytes  50.0 Mbits/sec  4637
[  5]   5.00-6.00   sec  5.96 MBytes  50.0 Mbits/sec  4636
[  5]   6.00-7.00   sec  5.96 MBytes  50.0 Mbits/sec  4637
[  5]   7.00-8.00   sec  5.96 MBytes  50.0 Mbits/sec  4636
[  5]   8.00-9.00   sec  5.96 MBytes  50.0 Mbits/sec  4637
[  5]   9.00-10.00  sec  5.96 MBytes  50.0 Mbits/sec  4636
[  5]  10.00-11.00  sec  5.96 MBytes  50.0 Mbits/sec  4637
[  5]  11.00-12.00  sec  5.96 MBytes  50.0 Mbits/sec  4636
[  5]  12.00-13.00  sec  5.96 MBytes  50.0 Mbits/sec  4637
[  5]  13.00-14.00  sec  5.96 MBytes  50.0 Mbits/sec  4636
[  5]  14.00-15.00  sec  5.96 MBytes  50.0 Mbits/sec  4637
[  5]  15.00-16.00  sec  5.96 MBytes  50.0 Mbits/sec  4637
[  5]  16.00-17.00  sec  5.96 MBytes  50.0 Mbits/sec  4636
[  5]  17.00-18.00  sec  5.96 MBytes  50.0 Mbits/sec  4636
[  5]  18.00-19.00  sec  5.96 MBytes  50.0 Mbits/sec  4637
[  5]  19.00-20.00  sec  5.96 MBytes  50.0 Mbits/sec  4636
[  5]  20.00-21.00  sec  5.96 MBytes  50.0 Mbits/sec  4637
[  5]  21.00-22.00  sec  5.96 MBytes  50.0 Mbits/sec  4636
[  5]  22.00-23.00  sec  5.96 MBytes  50.0 Mbits/sec  4637
[  5]  23.00-24.00  sec  5.96 MBytes  50.0 Mbits/sec  4636
[  5]  24.00-25.00  sec  5.96 MBytes  50.0 Mbits/sec  4637
[  5]  25.00-26.00  sec  5.96 MBytes  50.0 Mbits/sec  4636
[  5]  26.00-27.00  sec  5.96 MBytes  50.0 Mbits/sec  4637
[  5]  27.00-28.00  sec  5.96 MBytes  50.0 Mbits/sec  4636
[  5]  28.00-29.00  sec  5.96 MBytes  50.0 Mbits/sec  4637
[  5]  29.00-30.00  sec  5.96 MBytes  50.0 Mbits/sec  4636
[  5]  30.00-31.00  sec  5.96 MBytes  50.0 Mbits/sec  4637
[  5]  31.00-32.00  sec  5.96 MBytes  50.0 Mbits/sec  4636
[  5]  32.00-33.00  sec  5.96 MBytes  50.0 Mbits/sec  4637
[  5]  33.00-34.00  sec  5.95 MBytes  49.9 Mbits/sec  4628
[  5]  34.00-35.00  sec  5.97 MBytes  50.1 Mbits/sec  4645
[  5]  35.00-36.00  sec  5.96 MBytes  50.0 Mbits/sec  4636
[  5]  36.00-37.00  sec  5.96 MBytes  50.0 Mbits/sec  4637
[  5]  37.00-38.00  sec  5.96 MBytes  50.0 Mbits/sec  4636
[  5]  38.00-39.00  sec  5.96 MBytes  50.0 Mbits/sec  4637
[  5]  39.00-40.00  sec  5.96 MBytes  50.0 Mbits/sec  4636
[  5]  40.00-41.00  sec  5.96 MBytes  50.0 Mbits/sec  4639
[  5]  41.00-42.00  sec  5.96 MBytes  50.0 Mbits/sec  4634
[  5]  42.00-43.00  sec  5.96 MBytes  50.0 Mbits/sec  4637
[  5]  43.00-44.00  sec  5.96 MBytes  50.0 Mbits/sec  4636
[  5]  44.00-45.00  sec  5.96 MBytes  50.0 Mbits/sec  4637
[  5]  45.00-46.00  sec  5.96 MBytes  50.0 Mbits/sec  4636
[  5]  46.00-47.00  sec  5.96 MBytes  50.0 Mbits/sec  4637
[  5]  47.00-48.00  sec  5.96 MBytes  50.0 Mbits/sec  4636
[  5]  48.00-49.00  sec  5.96 MBytes  50.0 Mbits/sec  4637
[  5]  49.00-50.00  sec  5.96 MBytes  50.0 Mbits/sec  4636
[  5]  50.00-51.00  sec  5.96 MBytes  50.0 Mbits/sec  4637
[  5]  51.00-52.00  sec  5.96 MBytes  50.0 Mbits/sec  4636
[  5]  52.00-53.00  sec  5.96 MBytes  50.0 Mbits/sec  4637
[  5]  53.00-54.00  sec  5.96 MBytes  50.0 Mbits/sec  4636
[  5]  54.00-55.00  sec  5.96 MBytes  50.0 Mbits/sec  4637
[  5]  55.00-56.00  sec  5.96 MBytes  50.0 Mbits/sec  4636
[  5]  56.00-57.00  sec  5.96 MBytes  50.0 Mbits/sec  4637
[  5]  57.00-58.00  sec  5.96 MBytes  49.9 Mbits/sec  4638
[  5]  58.00-59.00  sec  5.96 MBytes  50.1 Mbits/sec  4635
[  5]  59.00-60.00  sec  5.96 MBytes  50.0 Mbits/sec  4636
- - - - - - - - - - - - - - - - - - - - - - - - -
[ ID] Interval           Transfer     Bitrate         Jitter    Lost/Total Datagrams
[  5]   0.00-60.00  sec   358 MBytes  50.0 Mbits/sec  0.000 ms  0/278186 (0%)  sender
[  5]   0.00-60.15  sec   235 MBytes  32.7 Mbits/sec  0.342 ms  0/278186 (0%)  receiver

iperf Done.

Waiting 30 seconds before next test...

======================================
Running iperf3 test at 100M
======================================
Connecting to host 10.42.0.203, port 5201
[  5] local 10.45.0.2 port 53475 connected to 10.42.0.203 port 5201
[ ID] Interval           Transfer     Bitrate         Total Datagrams
[  5]   0.00-1.00   sec  11.9 MBytes  99.9 Mbits/sec  9265
[  5]   1.00-2.00   sec  11.9 MBytes   100 Mbits/sec  9273
[  5]   2.00-3.00   sec  11.9 MBytes   100 Mbits/sec  9273
[  5]   3.00-4.00   sec  11.9 MBytes   100 Mbits/sec  9274
[  5]   4.00-5.00   sec  11.9 MBytes   100 Mbits/sec  9273
[  5]   5.00-6.00   sec  11.9 MBytes   100 Mbits/sec  9272
[  5]   6.00-7.00   sec  11.9 MBytes   100 Mbits/sec  9274
[  5]   7.00-8.00   sec  11.9 MBytes   100 Mbits/sec  9273
[  5]   8.00-9.00   sec  11.9 MBytes   100 Mbits/sec  9273
[  5]   9.00-10.00  sec  11.9 MBytes   100 Mbits/sec  9275
[  5]  10.00-11.00  sec  11.9 MBytes  99.9 Mbits/sec  9271
[  5]  11.00-12.00  sec  11.9 MBytes  99.9 Mbits/sec  9272
[  5]  12.00-13.00  sec  11.9 MBytes   100 Mbits/sec  9277
[  5]  13.00-14.00  sec  11.9 MBytes   100 Mbits/sec  9275
[  5]  14.00-15.00  sec  11.9 MBytes  99.9 Mbits/sec  9267
[  5]  15.00-16.00  sec  11.9 MBytes   100 Mbits/sec  9275
[  5]  16.00-17.00  sec  11.9 MBytes   100 Mbits/sec  9272
[  5]  17.00-18.01  sec  11.5 MBytes  95.5 Mbits/sec  8957
[  5]  18.01-19.00  sec  12.3 MBytes   105 Mbits/sec  9588
[  5]  19.00-20.00  sec  11.9 MBytes   100 Mbits/sec  9273
[  5]  20.00-21.00  sec  11.9 MBytes   100 Mbits/sec  9273
[  5]  21.00-22.00  sec  11.9 MBytes   100 Mbits/sec  9273
[  5]  22.00-23.00  sec  11.9 MBytes   100 Mbits/sec  9273
[  5]  23.00-24.00  sec  11.9 MBytes   100 Mbits/sec  9273
[  5]  24.00-25.00  sec  11.9 MBytes   100 Mbits/sec  9273
[  5]  25.00-26.00  sec  11.9 MBytes   100 Mbits/sec  9273
[  5]  26.00-27.00  sec  11.9 MBytes   100 Mbits/sec  9273
[  5]  27.00-28.00  sec  11.9 MBytes   100 Mbits/sec  9275
[  5]  28.00-29.00  sec  11.9 MBytes   100 Mbits/sec  9276
[  5]  29.00-30.00  sec  11.9 MBytes   100 Mbits/sec  9272
[  5]  30.00-31.00  sec  11.9 MBytes   100 Mbits/sec  9270
[  5]  31.00-32.00  sec  11.9 MBytes   100 Mbits/sec  9273
[  5]  32.00-33.00  sec  11.9 MBytes   100 Mbits/sec  9272
[  5]  33.00-34.00  sec  11.9 MBytes   100 Mbits/sec  9273
[  5]  34.00-35.00  sec  11.9 MBytes   100 Mbits/sec  9280
[  5]  35.00-36.00  sec  11.9 MBytes  99.9 Mbits/sec  9266
[  5]  36.00-37.00  sec  11.9 MBytes   100 Mbits/sec  9273
[  5]  37.00-38.00  sec  11.9 MBytes   100 Mbits/sec  9273
[  5]  38.00-39.00  sec  11.9 MBytes   100 Mbits/sec  9273
[  5]  39.00-40.00  sec  11.9 MBytes   100 Mbits/sec  9273
[  5]  40.00-41.00  sec  11.9 MBytes   100 Mbits/sec  9274
[  5]  41.00-42.00  sec  11.9 MBytes   100 Mbits/sec  9280
[  5]  42.00-43.00  sec  11.9 MBytes  99.9 Mbits/sec  9265
[  5]  43.00-44.00  sec  11.9 MBytes   100 Mbits/sec  9273
[  5]  44.00-45.00  sec  11.9 MBytes   100 Mbits/sec  9273
[  5]  45.00-46.00  sec  11.9 MBytes   100 Mbits/sec  9277
[  5]  46.00-47.00  sec  11.9 MBytes   100 Mbits/sec  9269
[  5]  47.00-48.00  sec  11.9 MBytes   100 Mbits/sec  9273
[  5]  48.00-49.00  sec  11.9 MBytes   100 Mbits/sec  9274
[  5]  49.00-50.00  sec  11.9 MBytes   100 Mbits/sec  9272
[  5]  50.00-51.00  sec  11.9 MBytes   100 Mbits/sec  9276
[  5]  51.00-52.00  sec  11.9 MBytes   100 Mbits/sec  9270
[  5]  52.00-53.00  sec  11.9 MBytes   100 Mbits/sec  9273
[  5]  53.00-54.00  sec  11.9 MBytes   100 Mbits/sec  9273
[  5]  54.00-55.00  sec  11.9 MBytes   100 Mbits/sec  9274
[  5]  55.00-56.00  sec  11.9 MBytes   100 Mbits/sec  9272
[  5]  56.00-57.00  sec  11.9 MBytes   100 Mbits/sec  9273
[  5]  57.00-58.00  sec  11.9 MBytes   100 Mbits/sec  9273
[  5]  58.00-59.00  sec  11.9 MBytes   100 Mbits/sec  9271
[  5]  59.00-60.00  sec  11.9 MBytes   100 Mbits/sec  9277
- - - - - - - - - - - - - - - - - - - - - - - - -
[ ID] Interval           Transfer     Bitrate         Jitter    Lost/Total Datagrams
[  5]   0.00-60.00  sec   715 MBytes   100 Mbits/sec  0.000 ms  0/556374 (0%)  sender
[  5]   0.00-60.21  sec   251 MBytes  35.0 Mbits/sec  0.100 ms  0/556328 (0%)  receiver

iperf Done.

Waiting 30 seconds before next test...

======================================
Running iperf3 test at 200M
======================================
Connecting to host 10.42.0.203, port 5201
[  5] local 10.45.0.2 port 44741 connected to 10.42.0.203 port 5201
[ ID] Interval           Transfer     Bitrate         Total Datagrams
[  5]   0.00-1.00   sec  23.8 MBytes   200 Mbits/sec  18529
[  5]   1.00-2.00   sec  23.8 MBytes   200 Mbits/sec  18551
[  5]   2.00-3.00   sec  23.8 MBytes   200 Mbits/sec  18544
[  5]   3.00-4.00   sec  23.9 MBytes   200 Mbits/sec  18559
[  5]   4.00-5.00   sec  23.8 MBytes   200 Mbits/sec  18532
[  5]   5.00-6.00   sec  23.8 MBytes   200 Mbits/sec  18547
[  5]   6.00-7.00   sec  23.8 MBytes   200 Mbits/sec  18546
[  5]   7.00-8.00   sec  23.8 MBytes   200 Mbits/sec  18548
[  5]   8.00-9.00   sec  23.8 MBytes   200 Mbits/sec  18538
[  5]   9.00-10.00  sec  23.9 MBytes   200 Mbits/sec  18552
[  5]  10.00-11.00  sec  23.8 MBytes   199 Mbits/sec  18488
[  5]  11.00-12.00  sec  23.9 MBytes   201 Mbits/sec  18615
[  5]  12.00-13.00  sec  23.8 MBytes   200 Mbits/sec  18533
[  5]  13.00-14.00  sec  23.8 MBytes   200 Mbits/sec  18547
[  5]  14.00-15.00  sec  23.8 MBytes   200 Mbits/sec  18548
[  5]  15.00-16.00  sec  23.9 MBytes   200 Mbits/sec  18554
[  5]  16.00-17.01  sec  23.7 MBytes   196 Mbits/sec  18448
[  5]  17.01-18.00  sec  24.0 MBytes   204 Mbits/sec  18638
[  5]  18.00-19.00  sec  23.8 MBytes   200 Mbits/sec  18541
[  5]  19.00-20.02  sec  23.2 MBytes   191 Mbits/sec  18020
[  5]  20.02-21.00  sec  24.5 MBytes   209 Mbits/sec  19074
[  5]  21.00-22.00  sec  23.8 MBytes   200 Mbits/sec  18507
[  5]  22.00-23.01  sec  23.8 MBytes   198 Mbits/sec  18511
[  5]  23.01-24.00  sec  24.0 MBytes   203 Mbits/sec  18633
[  5]  24.00-25.00  sec  23.8 MBytes   200 Mbits/sec  18533
[  5]  25.00-26.00  sec  23.8 MBytes   200 Mbits/sec  18545
[  5]  26.00-27.00  sec  23.8 MBytes   200 Mbits/sec  18522
[  5]  27.00-28.00  sec  23.9 MBytes   200 Mbits/sec  18570
[  5]  28.00-29.00  sec  23.8 MBytes   200 Mbits/sec  18551
[  5]  29.00-30.00  sec  23.6 MBytes   198 Mbits/sec  18360
[  5]  30.00-31.00  sec  24.1 MBytes   202 Mbits/sec  18738
[  5]  31.00-32.00  sec  23.8 MBytes   200 Mbits/sec  18541
[  5]  32.00-33.00  sec  23.8 MBytes   200 Mbits/sec  18549
[  5]  33.00-34.00  sec  23.8 MBytes   200 Mbits/sec  18536
[  5]  34.00-35.00  sec  23.8 MBytes   200 Mbits/sec  18547
[  5]  35.00-36.00  sec  23.8 MBytes   200 Mbits/sec  18548
[  5]  36.00-37.00  sec  23.8 MBytes   200 Mbits/sec  18527
[  5]  37.00-38.00  sec  23.9 MBytes   200 Mbits/sec  18563
[  5]  38.00-39.00  sec  23.8 MBytes   200 Mbits/sec  18546
[  5]  39.00-40.00  sec  23.8 MBytes   200 Mbits/sec  18548
[  5]  40.00-41.00  sec  23.8 MBytes   200 Mbits/sec  18543
[  5]  41.00-42.00  sec  23.8 MBytes   200 Mbits/sec  18547
[  5]  42.00-43.00  sec  23.9 MBytes   200 Mbits/sec  18558
[  5]  43.00-44.00  sec  23.8 MBytes   200 Mbits/sec  18537
[  5]  44.00-45.00  sec  23.8 MBytes   200 Mbits/sec  18542
[  5]  45.00-46.00  sec  23.8 MBytes   200 Mbits/sec  18542
[  5]  46.00-47.00  sec  23.9 MBytes   200 Mbits/sec  18556
[  5]  47.00-48.00  sec  23.8 MBytes   200 Mbits/sec  18542
[  5]  48.00-49.00  sec  23.8 MBytes   200 Mbits/sec  18528
[  5]  49.00-50.00  sec  23.9 MBytes   200 Mbits/sec  18561
[  5]  50.00-51.00  sec  23.8 MBytes   200 Mbits/sec  18551
[  5]  51.00-52.00  sec  23.8 MBytes   200 Mbits/sec  18542
[  5]  52.00-53.00  sec  23.8 MBytes   200 Mbits/sec  18546
[  5]  53.00-54.00  sec  23.8 MBytes   200 Mbits/sec  18546
[  5]  54.00-55.00  sec  23.8 MBytes   200 Mbits/sec  18548
[  5]  55.00-56.00  sec  23.5 MBytes   196 Mbits/sec  18267
[  5]  56.00-57.00  sec  24.2 MBytes   204 Mbits/sec  18832
[  5]  57.00-58.00  sec  23.8 MBytes   200 Mbits/sec  18545
[  5]  58.00-59.00  sec  23.8 MBytes   200 Mbits/sec  18538
[  5]  59.00-60.00  sec  23.8 MBytes   200 Mbits/sec  18546
- - - - - - - - - - - - - - - - - - - - - - - - -
[ ID] Interval           Transfer     Bitrate         Jitter    Lost/Total Datagrams
[  5]   0.00-60.00  sec  1.40 GBytes   200 Mbits/sec  0.000 ms  0/1112745 (0%)  sender
[  5]   0.00-61.95  sec  66.9 MBytes  9.06 Mbits/sec  0.119 ms  0/1099430 (0%)  receiver

iperf Done.

Waiting 30 seconds before next test...

Traffic tests complete
Allowing final cooldown period...
Done.
